0 info it worked if it ends with ok
1 verbose cli [ '/usr/local/bin/node', '/usr/local/bin/npm', 'run', 'build' ]
2 info using npm@3.10.10
3 info using node@v9.10.1
4 verbose run-script [ 'prebuild', 'build', 'postbuild' ]
5 info lifecycle config-webpack@1.0.0~prebuild: config-webpack@1.0.0
6 silly lifecycle config-webpack@1.0.0~prebuild: no script for prebuild, continuing
7 info lifecycle config-webpack@1.0.0~build: config-webpack@1.0.0
8 verbose lifecycle config-webpack@1.0.0~build: unsafe-perm in lifecycle true
9 verbose lifecycle config-webpack@1.0.0~build: PATH: /usr/local/lib/node_modules/npm/bin/node-gyp-bin:/Users/skynet/ElComercio/taller/webpack/node_modules/.bin:/Users/skynet/Library/Python/3.6/bin:/Users/skynet/development/flutter/bin:/Users/skynet/.composer/vendor/bin:/Library/Frameworks/Python.framework/Versions/3.6/bin:/Library/Frameworks/Python.framework/Versions/3.7/bin:/usr/local/bin:/usr/bin:/bin:/usr/sbin:/sbin:/usr/local/go/bin:/usr/local/git/bin:/Users/skynet/Library/Android/sdk/emulator:/Users/skynet/Library/Android/sdk/tools:/Users/skynet/Library/Android/sdk/tools/bin:/Users/skynet/Library/Android/sdk/platform-tools
10 verbose lifecycle config-webpack@1.0.0~build: CWD: /Users/skynet/ElComercio/taller/webpack
11 silly lifecycle config-webpack@1.0.0~build: Args: [ '-c', 'webpack' ]
12 silly lifecycle config-webpack@1.0.0~build: Returned: code: 1  signal: null
13 info lifecycle config-webpack@1.0.0~build: Failed to exec build script
14 verbose stack Error: config-webpack@1.0.0 build: `webpack`
14 verbose stack Exit status 1
14 verbose stack     at EventEmitter.<anonymous> (/usr/local/lib/node_modules/npm/lib/utils/lifecycle.js:255:16)
14 verbose stack     at EventEmitter.emit (events.js:180:13)
14 verbose stack     at ChildProcess.<anonymous> (/usr/local/lib/node_modules/npm/lib/utils/spawn.js:40:14)
14 verbose stack     at ChildProcess.emit (events.js:180:13)
14 verbose stack     at maybeClose (internal/child_process.js:936:16)
14 verbose stack     at Process.ChildProcess._handle.onexit (internal/child_process.js:220:5)
15 verbose pkgid config-webpack@1.0.0
16 verbose cwd /Users/skynet/ElComercio/taller/webpack
17 error Darwin 18.0.0
18 error argv "/usr/local/bin/node" "/usr/local/bin/npm" "run" "build"
19 error node v9.10.1
20 error npm  v3.10.10
21 error code ELIFECYCLE
22 error config-webpack@1.0.0 build: `webpack`
22 error Exit status 1
23 error Failed at the config-webpack@1.0.0 build script 'webpack'.
23 error Make sure you have the latest version of node.js and npm installed.
23 error If you do, this is most likely a problem with the config-webpack package,
23 error not with npm itself.
23 error Tell the author that this fails on your system:
23 error     webpack
23 error You can get information on how to open an issue for this project with:
23 error     npm bugs config-webpack
23 error Or if that isn't available, you can get their info via:
23 error     npm owner ls config-webpack
23 error There is likely additional logging output above.
24 verbose exit [ 1, true ]
